O1               6.669145       9.643044       8.305543
H2               6.269334       9.235041       8.948727
H3               7.068956       9.827865       9.044456
O1               8.361092       3.470732       8.644327
H2               7.705644       3.638804       9.175495
H3               8.406067       2.939788       9.319660
O1               7.372608       2.959035       0.437357
H2               7.595015       3.498123       1.069749
H3               6.666220       3.183445       0.873999
O1               0.874851       5.626020       9.200468
H2               0.765831       5.688214      10.051495
H3               0.544199       4.888131       9.494048
O1               6.396530       8.486260       1.144164
H2               5.822403       9.005887       1.518818
H3               6.633508       8.621791       1.959930
O1               1.696008       9.870368       7.523092
H2               1.660891      10.648632       7.158300
H3               1.778092      10.469308       8.135084
O1               4.865261       8.379081       0.296473
H2               4.055612       8.668094       0.327152
H3               4.519980       8.325660      -0.489611
O1               4.445488       7.054936       8.012498
H2               4.962395       7.334410       7.384246
H3               3.976475       7.492348       7.439177
O1               6.628861       7.150565       2.094633
H2               6.428656       7.978208       2.216800
H3               7.337480       7.577033       2.331244
O1               5.425038       6.339296       6.316490
H2               5.898121       7.056028       6.266614
H3               6.254873       6.121939       6.252237
O1               5.348497       1.927235       9.756070
H2               5.712065       2.396699       9.133637
H3               4.993328       1.713960       9.002168
O1               5.537634       6.755502       0.090972
H2               5.781881       7.230997       0.764951
H3               5.211123       6.411030       0.808419
O1               2.270560       6.233283       0.530553
H2               2.650234       6.699225      -0.084870
H3               2.229902       5.800797      -0.211945
O1               8.908682       7.100274       7.431632
H2               9.421094       6.608215       7.916722
H3               8.585676       6.303468       7.459331
O1               9.423295       9.716506       5.046701
H2               8.651398      10.086626       4.961930
H3               8.964896       9.276180       4.467060
O1               1.656571       9.199921       5.387720
H2               1.585592       9.759735       4.738436
H3               2.272866       9.795208       5.463967
O1               4.873609       1.956466       6.099787
H2               5.367503       1.467811       5.592554
H3               4.510255       1.905729       5.321713
O1               6.616489       9.741723       8.970208
H2               6.229019       9.414171       8.275530
H3               6.854586      10.194336       8.278506
O1               3.064082       2.374632       2.757236
H2               2.943527       1.946241       3.493407
H3               3.375103       2.844211       3.407437
O1               5.509558       2.636790       1.707072
H2               5.653759       1.793378       1.618410
H3               4.854055       2.203371       2.057021
